\BOOKMARK [0][-]{chapter*.2}{\376\377\000P\000R\000E\000F\000A\000C\000E}{}% 1
\BOOKMARK [0][-]{chapter.1}{\376\377\000T\000H\000E\000\040\000R\000E\000A\000L\000\040\000A\000N\000D\000\040\000C\000O\000M\000P\000L\000E\000X\000\040\000N\000U\000M\000B\000E\000R\000\040\000S\000Y\000S\000T\000E\000M\000S}{}% 2
\BOOKMARK [1][-]{section.1.1}{\376\377\000I\000N\000T\000R\000O\000D\000U\000C\000T\000I\000O\000N}{chapter.1}% 3
\BOOKMARK [1][-]{section.1.2}{\376\377\000O\000R\000D\000E\000R\000E\000D\000\040\000S\000E\000T\000S}{chapter.1}% 4
\BOOKMARK [1][-]{section.1.3}{\376\377\000F\000I\000E\000L\000D\000S}{chapter.1}% 5
\BOOKMARK [1][-]{section.1.4}{\376\377\000T\000H\000E\000\040\000R\000E\000A\000L\000\040\000F\000I\000E\000L\000D}{chapter.1}% 6
\BOOKMARK [1][-]{section.1.5}{\376\377\000T\000H\000E\000\040\000C\000O\000M\000P\000L\000E\000X\000\040\000F\000I\000E\000L\000D}{chapter.1}% 7
\BOOKMARK [1][-]{section.1.6}{\376\377\000E\000U\000C\000L\000I\000D\000E\000A\000N\000\040\000S\000P\000A\000C\000E\000S}{chapter.1}% 8
\BOOKMARK [1][-]{section.1.7}{\376\377\000A\000P\000P\000E\000N\000D\000I\000X}{chapter.1}% 9
\BOOKMARK [1][-]{section.1.8}{\376\377\000S\000e\000c\000t\000i\000o\000n\000\040\000H\000e\000a\000d\000i\000n\000g}{chapter.1}% 10
\BOOKMARK [1][-]{section.1.9}{\376\377\000S\000e\000c\000t\000i\000o\000n\000\040\000H\000e\000a\000d\000i\000n\000g}{chapter.1}% 11
\BOOKMARK [2][-]{subsection.1.9.1}{\376\377\000S\000u\000b\000s\000e\000c\000t\000i\000o\000n\000\040\000H\000e\000a\000d\000i\000n\000g}{section.1.9}% 12
\BOOKMARK [1][-]{section.1.10}{\376\377\000S\000e\000c\000t\000i\000o\000n\000\040\000H\000e\000a\000d\000i\000n\000g}{chapter.1}% 13
\BOOKMARK [2][-]{subsection.1.10.1}{\376\377\000S\000u\000b\000s\000e\000c\000t\000i\000o\000n\000\040\000H\000e\000a\000d\000i\000n\000g}{section.1.10}% 14
\BOOKMARK [1][-]{section*.52}{\376\377\000A\000p\000p\000e\000n\000d\000i\000x}{chapter.1}% 15
\BOOKMARK [1][-]{section*.53}{\376\377\000P\000r\000o\000b\000l\000e\000m\000s}{chapter.1}% 16
\BOOKMARK [0][-]{appendix.A}{\376\377\000C\000h\000a\000p\000t\000e\000r\000\040\000H\000e\000a\000d\000i\000n\000g}{}% 17
\BOOKMARK [1][-]{section.A.1}{\376\377\000S\000e\000c\000t\000i\000o\000n\000\040\000H\000e\000a\000d\000i\000n\000g}{appendix.A}% 18
\BOOKMARK [2][-]{subsection.A.1.1}{\376\377\000S\000u\000b\000s\000e\000c\000t\000i\000o\000n\000\040\000H\000e\000a\000d\000i\000n\000g}{section.A.1}% 19
\BOOKMARK [0][-]{appendix*.54}{\376\377\000F\000U\000R\000T\000H\000E\000R\000\040\000R\000E\000A\000D\000I\000N\000G}{}% 20
\BOOKMARK [1][-]{section*.55}{\376\377\000R\000e\000f\000e\000r\000e\000n\000c\000e\000s}{appendix*.54}% 21
\BOOKMARK [0][-]{appendix*.56}{\376\377\000A\000c\000r\000o\000n\000y\000m\000s\000\040\000a\000n\000d\000\040\000A\000b\000b\000r\000e\000v\000i\000a\000t\000i\000o\000n\000s}{}% 22
\BOOKMARK [0][-]{appendix*.57}{\376\377\000G\000l\000o\000s\000s\000a\000r\000y}{}% 23
\BOOKMARK [0][-]{appendix*.63}{\376\377\000S\000o\000l\000u\000t\000i\000o\000n\000s}{}% 24
\BOOKMARK [0][-]{appendix*.65}{\376\377\000I\000n\000d\000e\000x}{}% 25
